<?xml version="1.0" encoding="UTF-8"?>
<!-- Generated by org.testng.reporters.JUnitReportReporter -->
<testsuite hostname="DESKTOP-PPFDKDT" failures="0" tests="1" name="com.testNG.maven_testNg_annotation_chronology" time="0.014" errors="0" timestamp="2023-10-05T10:51:14 IST" skipped="0">
  <testcase classname="com.testNG.maven_testNg_annotation_chronology" name="addTest" time="0.014"/>
</testsuite> <!-- com.testNG.maven_testNg_annotation_chronology -->
