<?xml version="1.0" encoding="UTF-8"?>
<!-- Generated by org.testng.reporters.JUnitReportReporter -->
<testsuite hostname="DESKTOP-PPFDKDT" failures="0" tests="1" name="com.testNG.TestNgDemo" time="0.016" errors="0" timestamp="2023-10-05T10:42:13 IST" skipped="0">
  <testcase classname="com.testNG.TestNgDemo" name="f" time="0.016"/>
</testsuite> <!-- com.testNG.TestNgDemo -->
